<?xml version="1.0" encoding="UTF-8"?>
<!-- Generated by org.testng.reporters.JUnitReportReporter -->
<testsuite hostname="DeeshaST123" failures="0" tests="1" name="ExcelDriven" time="3.191" errors="0" timestamp="2023-06-29T17:14:17 IST" skipped="0">
  <testcase classname="ExcelDriven" name="addBook" time="3.191"/>
  <system-out/>
</testsuite> <!-- ExcelDriven -->
